<?xml version="1.0" encoding="UTF-8"?>
<!-- Generated by org.testng.reporters.JUnitXMLReporter -->
<testsuite hostname="DESKTOP-SFFRAMESH" ignored="2" name="Default test(failed)" tests="1" failures="1" timestamp="2020-03-22T11:51:56 IST" time="44.268" errors="0">
  <testcase name="loginTest" time="8.056" classname="qa.crm.qa.test.LoginPageTest">
    <failure type="java.lang.NullPointerException">
      <![CDATA[java.lang.NullPointerException
at qa.crm.qa.test.LoginPageTest.loginTest(LoginPageTest.java:46)
at java.util.ArrayList.forEach(Unknown Source)
... Removed 28 stack frames]]>
    </failure>
  </testcase> <!-- loginTest -->
  <testcase name="loginPageTitleTest" time="0.0" classname="qa.crm.qa.test.LoginPageTest">
    <ignored/>
  </testcase> <!-- loginPageTitleTest -->
  <testcase name="crmLogoImageTest" time="0.0" classname="qa.crm.qa.test.LoginPageTest">
    <ignored/>
  </testcase> <!-- crmLogoImageTest -->
</testsuite> <!-- Default test(failed) -->
