<?xml version="1.0" encoding="UTF-8"?>
<!-- Generated by org.testng.reporters.JUnitXMLReporter -->
<testsuite hostname="DESKTOP-SFFRAMESH" ignored="3" name="Default test" tests="1" failures="0" timestamp="2020-04-01T14:08:19 IST" time="47.848" errors="0">
  <testcase name="verifyContactsPageLabel" time="0.195" classname="qa.crm.qa.test.ContactPageTest"/>
  <testcase name="selectSingleContactsTest" time="0.0" classname="qa.crm.qa.test.ContactPageTest">
    <ignored/>
  </testcase> <!-- selectSingleContactsTest -->
  <testcase name="validateCreateNewContact" time="0.0" classname="qa.crm.qa.test.ContactPageTest">
    <ignored/>
  </testcase> <!-- validateCreateNewContact -->
  <testcase name="selectMultipleContactsTest" time="0.0" classname="qa.crm.qa.test.ContactPageTest">
    <ignored/>
  </testcase> <!-- selectMultipleContactsTest -->
</testsuite> <!-- Default test -->
